The target system is: Arduino -  - 
The host system is: Linux - 4.14.34-v7+ - armv7l
Compiling the C compiler identification source file "CMakeCCompilerId.c" succeeded.
Compiler: /usr/bin/avr-gcc 
Build flags: 
Id flags: 

The output was:
0


Compilation of the C compiler identification source "CMakeCCompilerId.c" produced "a.out"

The C compiler identification is GNU, found in "/srv/oscc-joystick-input/oscc/firmware/build/CMakeFiles/3.7.2/CompilerIdC/a.out"

Compiling the CXX compiler identification source file "CMakeCXXCompilerId.cpp" succeeded.
Compiler: /usr/bin/avr-g++ 
Build flags: 
Id flags: 

The output was:
0


Compilation of the CXX compiler identification source "CMakeCXXCompilerId.cpp" produced "a.out"

The CXX compiler identification is GNU, found in "/srv/oscc-joystick-input/oscc/firmware/build/CMakeFiles/3.7.2/CompilerIdCXX/a.out"

Determining if the C compiler works passed with the following output:
Change Dir: /srv/oscc-joystick-input/oscc/firmware/build/CMakeFiles/CMakeTmp

Run Build Command:"/usr/bin/make" "cmTC_31e42/fast"
/usr/bin/make -f CMakeFiles/cmTC_31e42.dir/build.make CMakeFiles/cmTC_31e42.dir/build
make[1]: Entering directory '/srv/oscc-joystick-input/oscc/firmware/build/CMakeFiles/CMakeTmp'
Building C object CMakeFiles/cmTC_31e42.dir/testCCompiler.c.obj
/usr/bin/avr-gcc    -g -Os       -mcall-prologues -ffunction-sections -fdata-sections    -o CMakeFiles/cmTC_31e42.dir/testCCompiler.c.obj   -c /srv/oscc-joystick-input/oscc/firmware/build/CMakeFiles/CMakeTmp/testCCompiler.c
Linking C executable cmTC_31e42
/usr/bin/cmake -E cmake_link_script CMakeFiles/cmTC_31e42.dir/link.txt --verbose=1
/usr/bin/avr-gcc  -g -Os       -mcall-prologues -ffunction-sections -fdata-sections   -Wl,--gc-sections -lm  CMakeFiles/cmTC_31e42.dir/testCCompiler.c.obj  -o cmTC_31e42  
make[1]: Leaving directory '/srv/oscc-joystick-input/oscc/firmware/build/CMakeFiles/CMakeTmp'


Detecting C compiler ABI info compiled with the following output:
Change Dir: /srv/oscc-joystick-input/oscc/firmware/build/CMakeFiles/CMakeTmp

Run Build Command:"/usr/bin/make" "cmTC_29d03/fast"
/usr/bin/make -f CMakeFiles/cmTC_29d03.dir/build.make CMakeFiles/cmTC_29d03.dir/build
make[1]: Entering directory '/srv/oscc-joystick-input/oscc/firmware/build/CMakeFiles/CMakeTmp'
Building C object CMakeFiles/cmTC_29d03.dir/CMakeCCompilerABI.c.obj
/usr/bin/avr-gcc    -g -Os       -mcall-prologues -ffunction-sections -fdata-sections    -o CMakeFiles/cmTC_29d03.dir/CMakeCCompilerABI.c.obj   -c /usr/share/cmake-3.7/Modules/CMakeCCompilerABI.c
Linking C executable cmTC_29d03
/usr/bin/cmake -E cmake_link_script CMakeFiles/cmTC_29d03.dir/link.txt --verbose=1
/usr/bin/avr-gcc  -g -Os       -mcall-prologues -ffunction-sections -fdata-sections   -Wl,--gc-sections -lm -v CMakeFiles/cmTC_29d03.dir/CMakeCCompilerABI.c.obj  -o cmTC_29d03   
Using built-in specs.
Reading specs from /usr/lib/gcc/avr/4.9.2/device-specs/specs-avr2
COLLECT_GCC=/usr/bin/avr-gcc
COLLECT_LTO_WRAPPER=/usr/lib/gcc/avr/4.9.2/lto-wrapper
Target: avr
Configured with: ../src/configure -v --enable-languages=c,c++ --prefix=/usr/lib --infodir=/usr/share/info --mandir=/usr/share/man --bindir=/usr/bin --libexecdir=/usr/lib --libdir=/usr/lib --enable-shared --with-system-zlib --enable-long-long --enable-nls --without-included-gettext --disable-libssp --build=arm-linux-gnueabihf --host=arm-linux-gnueabihf --target=avr CFLAGS='-g -O2 -fdebug-prefix-map=/build/gcc-avr-hTKVT3/gcc-avr-4.9.2+Atmel3.5.3=. -fstack-protector-strong -Wformat ' CPPFLAGS='-Wdate-time -D_FORTIFY_SOURCE=2' CXXFLAGS='-g -O2 -fdebug-prefix-map=/build/gcc-avr-hTKVT3/gcc-avr-4.9.2+Atmel3.5.3=. -fstack-protector-strong -Wformat ' FCFLAGS='-g -O2 -fdebug-prefix-map=/build/gcc-avr-hTKVT3/gcc-avr-4.9.2+Atmel3.5.3=. -fstack-protector-strong' FFLAGS='-g -O2 -fdebug-prefix-map=/build/gcc-avr-hTKVT3/gcc-avr-4.9.2+Atmel3.5.3=. -fstack-protector-strong' GCJFLAGS='-g -O2 -fdebug-prefix-map=/build/gcc-avr-hTKVT3/gcc-avr-4.9.2+Atmel3.5.3=. -fstack-protector-strong' LDFLAGS=-Wl,-z,relro OBJCFLAGS='-g -O2 -fdebug-prefix-map=/build/gcc-avr-hTKVT3/gcc-avr-4.9.2+Atmel3.5.3=. -fstack-protector-strong -Wformat ' OBJCXXFLAGS='-g -O2 -fdebug-prefix-map=/build/gcc-avr-hTKVT3/gcc-avr-4.9.2+Atmel3.5.3=. -fstack-protector-strong -Wformat '
Thread model: single
gcc version 4.9.2 (GCC) 
COMPILER_PATH=/usr/lib/gcc/avr/4.9.2/:/usr/lib/gcc/avr/4.9.2/:/usr/lib/gcc/avr/:/usr/lib/gcc/avr/4.9.2/:/usr/lib/gcc/avr/:/usr/lib/gcc/avr/4.9.2/../../../avr/bin/
LIBRARY_PATH=/usr/lib/gcc/avr/4.9.2/:/usr/lib/gcc/avr/4.9.2/../../../avr/lib/
COLLECT_GCC_OPTIONS='-g' '-Os' '-mcall-prologues' '-ffunction-sections' '-fdata-sections' '-v' '-o' 'cmTC_29d03' '-specs=device-specs/specs-avr2'
 /usr/lib/gcc/avr/4.9.2/collect2 -plugin /usr/lib/gcc/avr/4.9.2/liblto_plugin.so -plugin-opt=/usr/lib/gcc/avr/4.9.2/lto-wrapper -plugin-opt=-fresolution=/tmp/ccdp8lTe.res -plugin-opt=-pass-through=-lgcc -plugin-opt=-pass-through=-lm -plugin-opt=-pass-through=-lc -o cmTC_29d03 -L/usr/lib/gcc/avr/4.9.2 -L/usr/lib/gcc/avr/4.9.2/../../../avr/lib --gc-sections -lm CMakeFiles/cmTC_29d03.dir/CMakeCCompilerABI.c.obj --start-group -lgcc -lm -lc --end-group
make[1]: Leaving directory '/srv/oscc-joystick-input/oscc/firmware/build/CMakeFiles/CMakeTmp'


Parsed C implicit link information from above output:
  link line regex: [^( *|.*[/\])(avr-ld|([^/\]+-)?ld|collect2)[^/\]*( |$)]
  ignore line: [Change Dir: /srv/oscc-joystick-input/oscc/firmware/build/CMakeFiles/CMakeTmp]
  ignore line: []
  ignore line: [Run Build Command:"/usr/bin/make" "cmTC_29d03/fast"]
  ignore line: [/usr/bin/make -f CMakeFiles/cmTC_29d03.dir/build.make CMakeFiles/cmTC_29d03.dir/build]
  ignore line: [make[1]: Entering directory '/srv/oscc-joystick-input/oscc/firmware/build/CMakeFiles/CMakeTmp']
  ignore line: [Building C object CMakeFiles/cmTC_29d03.dir/CMakeCCompilerABI.c.obj]
  ignore line: [/usr/bin/avr-gcc    -g -Os       -mcall-prologues -ffunction-sections -fdata-sections    -o CMakeFiles/cmTC_29d03.dir/CMakeCCompilerABI.c.obj   -c /usr/share/cmake-3.7/Modules/CMakeCCompilerABI.c]
  ignore line: [Linking C executable cmTC_29d03]
  ignore line: [/usr/bin/cmake -E cmake_link_script CMakeFiles/cmTC_29d03.dir/link.txt --verbose=1]
  ignore line: [/usr/bin/avr-gcc  -g -Os       -mcall-prologues -ffunction-sections -fdata-sections   -Wl,--gc-sections -lm -v CMakeFiles/cmTC_29d03.dir/CMakeCCompilerABI.c.obj  -o cmTC_29d03   ]
  ignore line: [Using built-in specs.]
  ignore line: [Reading specs from /usr/lib/gcc/avr/4.9.2/device-specs/specs-avr2]
  ignore line: [COLLECT_GCC=/usr/bin/avr-gcc]
  ignore line: [COLLECT_LTO_WRAPPER=/usr/lib/gcc/avr/4.9.2/lto-wrapper]
  ignore line: [Target: avr]
  ignore line: [Configured with: ../src/configure -v --enable-languages=c,c++ --prefix=/usr/lib --infodir=/usr/share/info --mandir=/usr/share/man --bindir=/usr/bin --libexecdir=/usr/lib --libdir=/usr/lib --enable-shared --with-system-zlib --enable-long-long --enable-nls --without-included-gettext --disable-libssp --build=arm-linux-gnueabihf --host=arm-linux-gnueabihf --target=avr CFLAGS='-g -O2 -fdebug-prefix-map=/build/gcc-avr-hTKVT3/gcc-avr-4.9.2+Atmel3.5.3=. -fstack-protector-strong -Wformat ' CPPFLAGS='-Wdate-time -D_FORTIFY_SOURCE=2' CXXFLAGS='-g -O2 -fdebug-prefix-map=/build/gcc-avr-hTKVT3/gcc-avr-4.9.2+Atmel3.5.3=. -fstack-protector-strong -Wformat ' FCFLAGS='-g -O2 -fdebug-prefix-map=/build/gcc-avr-hTKVT3/gcc-avr-4.9.2+Atmel3.5.3=. -fstack-protector-strong' FFLAGS='-g -O2 -fdebug-prefix-map=/build/gcc-avr-hTKVT3/gcc-avr-4.9.2+Atmel3.5.3=. -fstack-protector-strong' GCJFLAGS='-g -O2 -fdebug-prefix-map=/build/gcc-avr-hTKVT3/gcc-avr-4.9.2+Atmel3.5.3=. -fstack-protector-strong' LDFLAGS=-Wl,-z,relro OBJCFLAGS='-g -O2 -fdebug-prefix-map=/build/gcc-avr-hTKVT3/gcc-avr-4.9.2+Atmel3.5.3=. -fstack-protector-strong -Wformat ' OBJCXXFLAGS='-g -O2 -fdebug-prefix-map=/build/gcc-avr-hTKVT3/gcc-avr-4.9.2+Atmel3.5.3=. -fstack-protector-strong -Wformat ']
  ignore line: [Thread model: single]
  ignore line: [gcc version 4.9.2 (GCC) ]
  ignore line: [COMPILER_PATH=/usr/lib/gcc/avr/4.9.2/:/usr/lib/gcc/avr/4.9.2/:/usr/lib/gcc/avr/:/usr/lib/gcc/avr/4.9.2/:/usr/lib/gcc/avr/:/usr/lib/gcc/avr/4.9.2/../../../avr/bin/]
  ignore line: [LIBRARY_PATH=/usr/lib/gcc/avr/4.9.2/:/usr/lib/gcc/avr/4.9.2/../../../avr/lib/]
  ignore line: [COLLECT_GCC_OPTIONS='-g' '-Os' '-mcall-prologues' '-ffunction-sections' '-fdata-sections' '-v' '-o' 'cmTC_29d03' '-specs=device-specs/specs-avr2']
  link line: [ /usr/lib/gcc/avr/4.9.2/collect2 -plugin /usr/lib/gcc/avr/4.9.2/liblto_plugin.so -plugin-opt=/usr/lib/gcc/avr/4.9.2/lto-wrapper -plugin-opt=-fresolution=/tmp/ccdp8lTe.res -plugin-opt=-pass-through=-lgcc -plugin-opt=-pass-through=-lm -plugin-opt=-pass-through=-lc -o cmTC_29d03 -L/usr/lib/gcc/avr/4.9.2 -L/usr/lib/gcc/avr/4.9.2/../../../avr/lib --gc-sections -lm CMakeFiles/cmTC_29d03.dir/CMakeCCompilerABI.c.obj --start-group -lgcc -lm -lc --end-group]
    arg [/usr/lib/gcc/avr/4.9.2/collect2] ==> ignore
    arg [-plugin] ==> ignore
    arg [/usr/lib/gcc/avr/4.9.2/liblto_plugin.so] ==> ignore
    arg [-plugin-opt=/usr/lib/gcc/avr/4.9.2/lto-wrapper] ==> ignore
    arg [-plugin-opt=-fresolution=/tmp/ccdp8lTe.res] ==> ignore
    arg [-plugin-opt=-pass-through=-lgcc] ==> ignore
    arg [-plugin-opt=-pass-through=-lm] ==> ignore
    arg [-plugin-opt=-pass-through=-lc] ==> ignore
    arg [-o] ==> ignore
    arg [cmTC_29d03] ==> ignore
    arg [-L/usr/lib/gcc/avr/4.9.2] ==> dir [/usr/lib/gcc/avr/4.9.2]
    arg [-L/usr/lib/gcc/avr/4.9.2/../../../avr/lib] ==> dir [/usr/lib/gcc/avr/4.9.2/../../../avr/lib]
    arg [--gc-sections] ==> ignore
    arg [-lm] ==> lib [m]
    arg [CMakeFiles/cmTC_29d03.dir/CMakeCCompilerABI.c.obj] ==> ignore
    arg [--start-group] ==> ignore
    arg [-lgcc] ==> lib [gcc]
    arg [-lm] ==> lib [m]
    arg [-lc] ==> lib [c]
    arg [--end-group] ==> ignore
  remove lib [gcc]
  collapse library dir [/usr/lib/gcc/avr/4.9.2] ==> [/usr/lib/gcc/avr/4.9.2]
  collapse library dir [/usr/lib/gcc/avr/4.9.2/../../../avr/lib] ==> [/usr/lib/avr/lib]
  implicit libs: [m;m;c]
  implicit dirs: [/usr/lib/gcc/avr/4.9.2;/usr/lib/avr/lib]
  implicit fwks: []




Detecting C [-std=c11] compiler features compiled with the following output:
Change Dir: /srv/oscc-joystick-input/oscc/firmware/build/CMakeFiles/CMakeTmp

Run Build Command:"/usr/bin/make" "cmTC_811c5/fast"
/usr/bin/make -f CMakeFiles/cmTC_811c5.dir/build.make CMakeFiles/cmTC_811c5.dir/build
make[1]: Entering directory '/srv/oscc-joystick-input/oscc/firmware/build/CMakeFiles/CMakeTmp'
Building C object CMakeFiles/cmTC_811c5.dir/feature_tests.c.obj
/usr/bin/avr-gcc    -g -Os       -mcall-prologues -ffunction-sections -fdata-sections    -std=c11 -o CMakeFiles/cmTC_811c5.dir/feature_tests.c.obj   -c /srv/oscc-joystick-input/oscc/firmware/build/CMakeFiles/feature_tests.c
Linking C executable cmTC_811c5
/usr/bin/cmake -E cmake_link_script CMakeFiles/cmTC_811c5.dir/link.txt --verbose=1
/usr/bin/avr-gcc  -g -Os       -mcall-prologues -ffunction-sections -fdata-sections   -Wl,--gc-sections -lm  CMakeFiles/cmTC_811c5.dir/feature_tests.c.obj  -o cmTC_811c5  
make[1]: Leaving directory '/srv/oscc-joystick-input/oscc/firmware/build/CMakeFiles/CMakeTmp'




Detecting C [-std=c99] compiler features compiled with the following output:
Change Dir: /srv/oscc-joystick-input/oscc/firmware/build/CMakeFiles/CMakeTmp

Run Build Command:"/usr/bin/make" "cmTC_1b9b7/fast"
/usr/bin/make -f CMakeFiles/cmTC_1b9b7.dir/build.make CMakeFiles/cmTC_1b9b7.dir/build
make[1]: Entering directory '/srv/oscc-joystick-input/oscc/firmware/build/CMakeFiles/CMakeTmp'
Building C object CMakeFiles/cmTC_1b9b7.dir/feature_tests.c.obj
/usr/bin/avr-gcc    -g -Os       -mcall-prologues -ffunction-sections -fdata-sections    -std=c99 -o CMakeFiles/cmTC_1b9b7.dir/feature_tests.c.obj   -c /srv/oscc-joystick-input/oscc/firmware/build/CMakeFiles/feature_tests.c
Linking C executable cmTC_1b9b7
/usr/bin/cmake -E cmake_link_script CMakeFiles/cmTC_1b9b7.dir/link.txt --verbose=1
/usr/bin/avr-gcc  -g -Os       -mcall-prologues -ffunction-sections -fdata-sections   -Wl,--gc-sections -lm  CMakeFiles/cmTC_1b9b7.dir/feature_tests.c.obj  -o cmTC_1b9b7  
make[1]: Leaving directory '/srv/oscc-joystick-input/oscc/firmware/build/CMakeFiles/CMakeTmp'




Detecting C [-std=c90] compiler features compiled with the following output:
Change Dir: /srv/oscc-joystick-input/oscc/firmware/build/CMakeFiles/CMakeTmp

Run Build Command:"/usr/bin/make" "cmTC_3fa6a/fast"
/usr/bin/make -f CMakeFiles/cmTC_3fa6a.dir/build.make CMakeFiles/cmTC_3fa6a.dir/build
make[1]: Entering directory '/srv/oscc-joystick-input/oscc/firmware/build/CMakeFiles/CMakeTmp'
Building C object CMakeFiles/cmTC_3fa6a.dir/feature_tests.c.obj
/usr/bin/avr-gcc    -g -Os       -mcall-prologues -ffunction-sections -fdata-sections    -std=c90 -o CMakeFiles/cmTC_3fa6a.dir/feature_tests.c.obj   -c /srv/oscc-joystick-input/oscc/firmware/build/CMakeFiles/feature_tests.c
Linking C executable cmTC_3fa6a
/usr/bin/cmake -E cmake_link_script CMakeFiles/cmTC_3fa6a.dir/link.txt --verbose=1
/usr/bin/avr-gcc  -g -Os       -mcall-prologues -ffunction-sections -fdata-sections   -Wl,--gc-sections -lm  CMakeFiles/cmTC_3fa6a.dir/feature_tests.c.obj  -o cmTC_3fa6a  
make[1]: Leaving directory '/srv/oscc-joystick-input/oscc/firmware/build/CMakeFiles/CMakeTmp'


Determining if the CXX compiler works passed with the following output:
Change Dir: /srv/oscc-joystick-input/oscc/firmware/build/CMakeFiles/CMakeTmp

Run Build Command:"/usr/bin/make" "cmTC_4139e/fast"
/usr/bin/make -f CMakeFiles/cmTC_4139e.dir/build.make CMakeFiles/cmTC_4139e.dir/build
make[1]: Entering directory '/srv/oscc-joystick-input/oscc/firmware/build/CMakeFiles/CMakeTmp'
Building CXX object CMakeFiles/cmTC_4139e.dir/testCXXCompiler.cxx.obj
/usr/bin/avr-g++     -g -Os       -mcall-prologues -ffunction-sections -fdata-sections -fno-exceptions    -o CMakeFiles/cmTC_4139e.dir/testCXXCompiler.cxx.obj -c /srv/oscc-joystick-input/oscc/firmware/build/CMakeFiles/CMakeTmp/testCXXCompiler.cxx
Linking CXX executable cmTC_4139e
/usr/bin/cmake -E cmake_link_script CMakeFiles/cmTC_4139e.dir/link.txt --verbose=1
/usr/bin/avr-g++   -g -Os       -mcall-prologues -ffunction-sections -fdata-sections -fno-exceptions   -Wl,--gc-sections -lm  CMakeFiles/cmTC_4139e.dir/testCXXCompiler.cxx.obj  -o cmTC_4139e  
make[1]: Leaving directory '/srv/oscc-joystick-input/oscc/firmware/build/CMakeFiles/CMakeTmp'


Detecting CXX compiler ABI info compiled with the following output:
Change Dir: /srv/oscc-joystick-input/oscc/firmware/build/CMakeFiles/CMakeTmp

Run Build Command:"/usr/bin/make" "cmTC_6407d/fast"
/usr/bin/make -f CMakeFiles/cmTC_6407d.dir/build.make CMakeFiles/cmTC_6407d.dir/build
make[1]: Entering directory '/srv/oscc-joystick-input/oscc/firmware/build/CMakeFiles/CMakeTmp'
Building CXX object CMakeFiles/cmTC_6407d.dir/CMakeCXXCompilerABI.cpp.obj
/usr/bin/avr-g++     -g -Os       -mcall-prologues -ffunction-sections -fdata-sections -fno-exceptions    -o CMakeFiles/cmTC_6407d.dir/CMakeCXXCompilerABI.cpp.obj -c /usr/share/cmake-3.7/Modules/CMakeCXXCompilerABI.cpp
Linking CXX executable cmTC_6407d
/usr/bin/cmake -E cmake_link_script CMakeFiles/cmTC_6407d.dir/link.txt --verbose=1
/usr/bin/avr-g++   -g -Os       -mcall-prologues -ffunction-sections -fdata-sections -fno-exceptions   -Wl,--gc-sections -lm -v CMakeFiles/cmTC_6407d.dir/CMakeCXXCompilerABI.cpp.obj  -o cmTC_6407d   
Using built-in specs.
Reading specs from /usr/lib/gcc/avr/4.9.2/device-specs/specs-avr2
COLLECT_GCC=/usr/bin/avr-g++
COLLECT_LTO_WRAPPER=/usr/lib/gcc/avr/4.9.2/lto-wrapper
Target: avr
Configured with: ../src/configure -v --enable-languages=c,c++ --prefix=/usr/lib --infodir=/usr/share/info --mandir=/usr/share/man --bindir=/usr/bin --libexecdir=/usr/lib --libdir=/usr/lib --enable-shared --with-system-zlib --enable-long-long --enable-nls --without-included-gettext --disable-libssp --build=arm-linux-gnueabihf --host=arm-linux-gnueabihf --target=avr CFLAGS='-g -O2 -fdebug-prefix-map=/build/gcc-avr-hTKVT3/gcc-avr-4.9.2+Atmel3.5.3=. -fstack-protector-strong -Wformat ' CPPFLAGS='-Wdate-time -D_FORTIFY_SOURCE=2' CXXFLAGS='-g -O2 -fdebug-prefix-map=/build/gcc-avr-hTKVT3/gcc-avr-4.9.2+Atmel3.5.3=. -fstack-protector-strong -Wformat ' FCFLAGS='-g -O2 -fdebug-prefix-map=/build/gcc-avr-hTKVT3/gcc-avr-4.9.2+Atmel3.5.3=. -fstack-protector-strong' FFLAGS='-g -O2 -fdebug-prefix-map=/build/gcc-avr-hTKVT3/gcc-avr-4.9.2+Atmel3.5.3=. -fstack-protector-strong' GCJFLAGS='-g -O2 -fdebug-prefix-map=/build/gcc-avr-hTKVT3/gcc-avr-4.9.2+Atmel3.5.3=. -fstack-protector-strong' LDFLAGS=-Wl,-z,relro OBJCFLAGS='-g -O2 -fdebug-prefix-map=/build/gcc-avr-hTKVT3/gcc-avr-4.9.2+Atmel3.5.3=. -fstack-protector-strong -Wformat ' OBJCXXFLAGS='-g -O2 -fdebug-prefix-map=/build/gcc-avr-hTKVT3/gcc-avr-4.9.2+Atmel3.5.3=. -fstack-protector-strong -Wformat '
Thread model: single
gcc version 4.9.2 (GCC) 
COMPILER_PATH=/usr/lib/gcc/avr/4.9.2/:/usr/lib/gcc/avr/4.9.2/:/usr/lib/gcc/avr/:/usr/lib/gcc/avr/4.9.2/:/usr/lib/gcc/avr/:/usr/lib/gcc/avr/4.9.2/../../../avr/bin/
LIBRARY_PATH=/usr/lib/gcc/avr/4.9.2/:/usr/lib/gcc/avr/4.9.2/../../../avr/lib/
COLLECT_GCC_OPTIONS='-g' '-Os' '-mcall-prologues' '-ffunction-sections' '-fdata-sections' '-fno-exceptions' '-v' '-o' 'cmTC_6407d' '-specs=device-specs/specs-avr2'
 /usr/lib/gcc/avr/4.9.2/collect2 -plugin /usr/lib/gcc/avr/4.9.2/liblto_plugin.so -plugin-opt=/usr/lib/gcc/avr/4.9.2/lto-wrapper -plugin-opt=-fresolution=/tmp/ccJo35FY.res -plugin-opt=-pass-through=-lgcc -plugin-opt=-pass-through=-lm -plugin-opt=-pass-through=-lc -o cmTC_6407d -L/usr/lib/gcc/avr/4.9.2 -L/usr/lib/gcc/avr/4.9.2/../../../avr/lib --gc-sections CMakeFiles/cmTC_6407d.dir/CMakeCXXCompilerABI.cpp.obj -lgcc -lm --start-group -lgcc -lm -lc --end-group
make[1]: Leaving directory '/srv/oscc-joystick-input/oscc/firmware/build/CMakeFiles/CMakeTmp'


Parsed CXX implicit link information from above output:
  link line regex: [^( *|.*[/\])(avr-ld|([^/\]+-)?ld|collect2)[^/\]*( |$)]
  ignore line: [Change Dir: /srv/oscc-joystick-input/oscc/firmware/build/CMakeFiles/CMakeTmp]
  ignore line: []
  ignore line: [Run Build Command:"/usr/bin/make" "cmTC_6407d/fast"]
  ignore line: [/usr/bin/make -f CMakeFiles/cmTC_6407d.dir/build.make CMakeFiles/cmTC_6407d.dir/build]
  ignore line: [make[1]: Entering directory '/srv/oscc-joystick-input/oscc/firmware/build/CMakeFiles/CMakeTmp']
  ignore line: [Building CXX object CMakeFiles/cmTC_6407d.dir/CMakeCXXCompilerABI.cpp.obj]
  ignore line: [/usr/bin/avr-g++     -g -Os       -mcall-prologues -ffunction-sections -fdata-sections -fno-exceptions    -o CMakeFiles/cmTC_6407d.dir/CMakeCXXCompilerABI.cpp.obj -c /usr/share/cmake-3.7/Modules/CMakeCXXCompilerABI.cpp]
  ignore line: [Linking CXX executable cmTC_6407d]
  ignore line: [/usr/bin/cmake -E cmake_link_script CMakeFiles/cmTC_6407d.dir/link.txt --verbose=1]
  ignore line: [/usr/bin/avr-g++   -g -Os       -mcall-prologues -ffunction-sections -fdata-sections -fno-exceptions   -Wl,--gc-sections -lm -v CMakeFiles/cmTC_6407d.dir/CMakeCXXCompilerABI.cpp.obj  -o cmTC_6407d   ]
  ignore line: [Using built-in specs.]
  ignore line: [Reading specs from /usr/lib/gcc/avr/4.9.2/device-specs/specs-avr2]
  ignore line: [COLLECT_GCC=/usr/bin/avr-g++]
  ignore line: [COLLECT_LTO_WRAPPER=/usr/lib/gcc/avr/4.9.2/lto-wrapper]
  ignore line: [Target: avr]
  ignore line: [Configured with: ../src/configure -v --enable-languages=c,c++ --prefix=/usr/lib --infodir=/usr/share/info --mandir=/usr/share/man --bindir=/usr/bin --libexecdir=/usr/lib --libdir=/usr/lib --enable-shared --with-system-zlib --enable-long-long --enable-nls --without-included-gettext --disable-libssp --build=arm-linux-gnueabihf --host=arm-linux-gnueabihf --target=avr CFLAGS='-g -O2 -fdebug-prefix-map=/build/gcc-avr-hTKVT3/gcc-avr-4.9.2+Atmel3.5.3=. -fstack-protector-strong -Wformat ' CPPFLAGS='-Wdate-time -D_FORTIFY_SOURCE=2' CXXFLAGS='-g -O2 -fdebug-prefix-map=/build/gcc-avr-hTKVT3/gcc-avr-4.9.2+Atmel3.5.3=. -fstack-protector-strong -Wformat ' FCFLAGS='-g -O2 -fdebug-prefix-map=/build/gcc-avr-hTKVT3/gcc-avr-4.9.2+Atmel3.5.3=. -fstack-protector-strong' FFLAGS='-g -O2 -fdebug-prefix-map=/build/gcc-avr-hTKVT3/gcc-avr-4.9.2+Atmel3.5.3=. -fstack-protector-strong' GCJFLAGS='-g -O2 -fdebug-prefix-map=/build/gcc-avr-hTKVT3/gcc-avr-4.9.2+Atmel3.5.3=. -fstack-protector-strong' LDFLAGS=-Wl,-z,relro OBJCFLAGS='-g -O2 -fdebug-prefix-map=/build/gcc-avr-hTKVT3/gcc-avr-4.9.2+Atmel3.5.3=. -fstack-protector-strong -Wformat ' OBJCXXFLAGS='-g -O2 -fdebug-prefix-map=/build/gcc-avr-hTKVT3/gcc-avr-4.9.2+Atmel3.5.3=. -fstack-protector-strong -Wformat ']
  ignore line: [Thread model: single]
  ignore line: [gcc version 4.9.2 (GCC) ]
  ignore line: [COMPILER_PATH=/usr/lib/gcc/avr/4.9.2/:/usr/lib/gcc/avr/4.9.2/:/usr/lib/gcc/avr/:/usr/lib/gcc/avr/4.9.2/:/usr/lib/gcc/avr/:/usr/lib/gcc/avr/4.9.2/../../../avr/bin/]
  ignore line: [LIBRARY_PATH=/usr/lib/gcc/avr/4.9.2/:/usr/lib/gcc/avr/4.9.2/../../../avr/lib/]
  ignore line: [COLLECT_GCC_OPTIONS='-g' '-Os' '-mcall-prologues' '-ffunction-sections' '-fdata-sections' '-fno-exceptions' '-v' '-o' 'cmTC_6407d' '-specs=device-specs/specs-avr2']
  link line: [ /usr/lib/gcc/avr/4.9.2/collect2 -plugin /usr/lib/gcc/avr/4.9.2/liblto_plugin.so -plugin-opt=/usr/lib/gcc/avr/4.9.2/lto-wrapper -plugin-opt=-fresolution=/tmp/ccJo35FY.res -plugin-opt=-pass-through=-lgcc -plugin-opt=-pass-through=-lm -plugin-opt=-pass-through=-lc -o cmTC_6407d -L/usr/lib/gcc/avr/4.9.2 -L/usr/lib/gcc/avr/4.9.2/../../../avr/lib --gc-sections CMakeFiles/cmTC_6407d.dir/CMakeCXXCompilerABI.cpp.obj -lgcc -lm --start-group -lgcc -lm -lc --end-group]
    arg [/usr/lib/gcc/avr/4.9.2/collect2] ==> ignore
    arg [-plugin] ==> ignore
    arg [/usr/lib/gcc/avr/4.9.2/liblto_plugin.so] ==> ignore
    arg [-plugin-opt=/usr/lib/gcc/avr/4.9.2/lto-wrapper] ==> ignore
    arg [-plugin-opt=-fresolution=/tmp/ccJo35FY.res] ==> ignore
    arg [-plugin-opt=-pass-through=-lgcc] ==> ignore
    arg [-plugin-opt=-pass-through=-lm] ==> ignore
    arg [-plugin-opt=-pass-through=-lc] ==> ignore
    arg [-o] ==> ignore
    arg [cmTC_6407d] ==> ignore
    arg [-L/usr/lib/gcc/avr/4.9.2] ==> dir [/usr/lib/gcc/avr/4.9.2]
    arg [-L/usr/lib/gcc/avr/4.9.2/../../../avr/lib] ==> dir [/usr/lib/gcc/avr/4.9.2/../../../avr/lib]
    arg [--gc-sections] ==> ignore
    arg [CMakeFiles/cmTC_6407d.dir/CMakeCXXCompilerABI.cpp.obj] ==> ignore
    arg [-lgcc] ==> lib [gcc]
    arg [-lm] ==> lib [m]
    arg [--start-group] ==> ignore
    arg [-lgcc] ==> lib [gcc]
    arg [-lm] ==> lib [m]
    arg [-lc] ==> lib [c]
    arg [--end-group] ==> ignore
  remove lib [gcc]
  remove lib [gcc]
  collapse library dir [/usr/lib/gcc/avr/4.9.2] ==> [/usr/lib/gcc/avr/4.9.2]
  collapse library dir [/usr/lib/gcc/avr/4.9.2/../../../avr/lib] ==> [/usr/lib/avr/lib]
  implicit libs: [m;m;c]
  implicit dirs: [/usr/lib/gcc/avr/4.9.2;/usr/lib/avr/lib]
  implicit fwks: []




Detecting CXX [-std=c++14] compiler features compiled with the following output:
Change Dir: /srv/oscc-joystick-input/oscc/firmware/build/CMakeFiles/CMakeTmp

Run Build Command:"/usr/bin/make" "cmTC_a2378/fast"
/usr/bin/make -f CMakeFiles/cmTC_a2378.dir/build.make CMakeFiles/cmTC_a2378.dir/build
make[1]: Entering directory '/srv/oscc-joystick-input/oscc/firmware/build/CMakeFiles/CMakeTmp'
Building CXX object CMakeFiles/cmTC_a2378.dir/feature_tests.cxx.obj
/usr/bin/avr-g++     -g -Os       -mcall-prologues -ffunction-sections -fdata-sections -fno-exceptions    -std=c++14 -o CMakeFiles/cmTC_a2378.dir/feature_tests.cxx.obj -c /srv/oscc-joystick-input/oscc/firmware/build/CMakeFiles/feature_tests.cxx
Linking CXX executable cmTC_a2378
/usr/bin/cmake -E cmake_link_script CMakeFiles/cmTC_a2378.dir/link.txt --verbose=1
/usr/bin/avr-g++   -g -Os       -mcall-prologues -ffunction-sections -fdata-sections -fno-exceptions   -Wl,--gc-sections -lm  CMakeFiles/cmTC_a2378.dir/feature_tests.cxx.obj  -o cmTC_a2378  
make[1]: Leaving directory '/srv/oscc-joystick-input/oscc/firmware/build/CMakeFiles/CMakeTmp'




Detecting CXX [-std=c++11] compiler features compiled with the following output:
Change Dir: /srv/oscc-joystick-input/oscc/firmware/build/CMakeFiles/CMakeTmp

Run Build Command:"/usr/bin/make" "cmTC_b9869/fast"
/usr/bin/make -f CMakeFiles/cmTC_b9869.dir/build.make CMakeFiles/cmTC_b9869.dir/build
make[1]: Entering directory '/srv/oscc-joystick-input/oscc/firmware/build/CMakeFiles/CMakeTmp'
Building CXX object CMakeFiles/cmTC_b9869.dir/feature_tests.cxx.obj
/usr/bin/avr-g++     -g -Os       -mcall-prologues -ffunction-sections -fdata-sections -fno-exceptions    -std=c++11 -o CMakeFiles/cmTC_b9869.dir/feature_tests.cxx.obj -c /srv/oscc-joystick-input/oscc/firmware/build/CMakeFiles/feature_tests.cxx
Linking CXX executable cmTC_b9869
/usr/bin/cmake -E cmake_link_script CMakeFiles/cmTC_b9869.dir/link.txt --verbose=1
/usr/bin/avr-g++   -g -Os       -mcall-prologues -ffunction-sections -fdata-sections -fno-exceptions   -Wl,--gc-sections -lm  CMakeFiles/cmTC_b9869.dir/feature_tests.cxx.obj  -o cmTC_b9869  
make[1]: Leaving directory '/srv/oscc-joystick-input/oscc/firmware/build/CMakeFiles/CMakeTmp'




Detecting CXX [-std=c++98] compiler features compiled with the following output:
Change Dir: /srv/oscc-joystick-input/oscc/firmware/build/CMakeFiles/CMakeTmp

Run Build Command:"/usr/bin/make" "cmTC_ce78b/fast"
/usr/bin/make -f CMakeFiles/cmTC_ce78b.dir/build.make CMakeFiles/cmTC_ce78b.dir/build
make[1]: Entering directory '/srv/oscc-joystick-input/oscc/firmware/build/CMakeFiles/CMakeTmp'
Building CXX object CMakeFiles/cmTC_ce78b.dir/feature_tests.cxx.obj
/usr/bin/avr-g++     -g -Os       -mcall-prologues -ffunction-sections -fdata-sections -fno-exceptions    -std=c++98 -o CMakeFiles/cmTC_ce78b.dir/feature_tests.cxx.obj -c /srv/oscc-joystick-input/oscc/firmware/build/CMakeFiles/feature_tests.cxx
Linking CXX executable cmTC_ce78b
/usr/bin/cmake -E cmake_link_script CMakeFiles/cmTC_ce78b.dir/link.txt --verbose=1
/usr/bin/avr-g++   -g -Os       -mcall-prologues -ffunction-sections -fdata-sections -fno-exceptions   -Wl,--gc-sections -lm  CMakeFiles/cmTC_ce78b.dir/feature_tests.cxx.obj  -o cmTC_ce78b  
make[1]: Leaving directory '/srv/oscc-joystick-input/oscc/firmware/build/CMakeFiles/CMakeTmp'


